<?xml version="1.0" encoding="UTF-8" standalone="no"?>
<!DOCTYPE log SYSTEM "logger.dtd">
<log>
<record>
  <date>2017-09-16T14:30:30</date>
  <millis>1505550630015</millis>
  <sequence>0</sequence>
  <level>START</level>
  <class>com.kms.katalon.core.logging.KeywordLogger</class>
  <method>startSuite</method>
  <thread>1</thread>
  <message>Start Test Suite : SelectRole</message>
  <nestedLevel>0</nestedLevel>
  <property name="name">SelectRole</property>
  <property name="description"></property>
  <property name="id">Test Suites/SelectRole</property>
</record>
<record>
  <date>2017-09-16T14:30:30</date>
  <millis>1505550630036</millis>
  <sequence>1</sequence>
  <level>RUN_DATA</level>
  <class>com.kms.katalon.core.logging.KeywordLogger</class>
  <method>logMessage</method>
  <thread>1</thread>
  <message>Logging run data &amp;apos;hostName&amp;apos; with value &amp;apos;mithu - DESKTOP-1QKO1SP&amp;apos;</message>
  <nestedLevel>0</nestedLevel>
  <property name="hostName">mithu - DESKTOP-1QKO1SP</property>
</record>
<record>
  <date>2017-09-16T14:30:30</date>
  <millis>1505550630045</millis>
  <sequence>2</sequence>
  <level>RUN_DATA</level>
  <class>com.kms.katalon.core.logging.KeywordLogger</class>
  <method>logMessage</method>
  <thread>1</thread>
  <message>Logging run data &amp;apos;os&amp;apos; with value &amp;apos;Windows 10 64bit&amp;apos;</message>
  <nestedLevel>0</nestedLevel>
  <property name="os">Windows 10 64bit</property>
</record>
<record>
  <date>2017-09-16T14:30:30</date>
  <millis>1505550630046</millis>
  <sequence>3</sequence>
  <level>RUN_DATA</level>
  <class>com.kms.katalon.core.logging.KeywordLogger</class>
  <method>logMessage</method>
  <thread>1</thread>
  <message>Logging run data &amp;apos;hostAddress&amp;apos; with value &amp;apos;192.168.91.161&amp;apos;</message>
  <nestedLevel>0</nestedLevel>
  <property name="hostAddress">192.168.91.161</property>
</record>
<record>
  <date>2017-09-16T14:30:30</date>
  <millis>1505550630047</millis>
  <sequence>4</sequence>
  <level>RUN_DATA</level>
  <class>com.kms.katalon.core.logging.KeywordLogger</class>
  <method>logMessage</method>
  <thread>1</thread>
  <message>Logging run data &amp;apos;katalonVersion&amp;apos; with value &amp;apos;4.8.0.2&amp;apos;</message>
  <nestedLevel>0</nestedLevel>
  <property name="katalonVersion">4.8.0.2</property>
</record>
<record>
  <date>2017-09-16T14:30:30</date>
  <millis>1505550630272</millis>
  <sequence>5</sequence>
  <level>START</level>
  <class>com.kms.katalon.core.logging.KeywordLogger</class>
  <method>startTest</method>
  <thread>1</thread>
  <message>Start Test Case : Test Cases/Login</message>
  <nestedLevel>1</nestedLevel>
  <property name="name">Test Cases/Login</property>
  <property name="description"></property>
  <property name="id">Test Cases/Login</property>
  <property name="source">F:\\Katalon_project\\MaxReqManTest Cases\\Login.tc</property>
  <property name="isOptional">false</property>
</record>
<record>
  <date>2017-09-16T14:30:30</date>
  <millis>1505550630373</millis>
  <sequence>6</sequence>
  <level>INFO</level>
  <class>com.kms.katalon.core.logging.KeywordLogger</class>
  <method>logMessage</method>
  <thread>1</thread>
  <message>Evaluating variables for test case</message>
  <nestedLevel>1</nestedLevel>
</record>
<record>
  <date>2017-09-16T14:30:30</date>
  <millis>1505550630642</millis>
  <sequence>7</sequence>
  <level>START</level>
  <class>com.kms.katalon.core.logging.KeywordLogger</class>
  <method>startKeyword</method>
  <thread>1</thread>
  <message>Start action : openBrowser</message>
  <nestedLevel>1</nestedLevel>
  <property name="startLine">16</property>
  <property name="stepIndex">1</property>
</record>
<record>
  <date>2017-09-16T14:30:30</date>
  <millis>1505550630883</millis>
  <sequence>8</sequence>
  <level>INFO</level>
  <class>com.kms.katalon.core.logging.KeywordLogger</class>
  <method>logMessage</method>
  <thread>1</thread>
  <message>Opening browser</message>
  <nestedLevel>1</nestedLevel>
</record>
<record>
  <date>2017-09-16T14:30:30</date>
  <millis>1505550630896</millis>
  <sequence>9</sequence>
  <level>INFO</level>
  <class>com.kms.katalon.core.logging.KeywordLogger</class>
  <method>logMessage</method>
  <thread>1</thread>
  <message>Starting &amp;apos;Chrome&amp;apos; driver</message>
  <nestedLevel>1</nestedLevel>
</record>
<record>
  <date>2017-09-16T14:30:30</date>
  <millis>1505550630914</millis>
  <sequence>10</sequence>
  <level>INFO</level>
  <class>com.kms.katalon.core.logging.KeywordLogger</class>
  <method>logMessage</method>
  <thread>1</thread>
  <message>Action delay is set to 0 seconds</message>
  <nestedLevel>1</nestedLevel>
</record>
<record>
  <date>2017-09-16T14:30:33</date>
  <millis>1505550633169</millis>
  <sequence>11</sequence>
  <level>RUN_DATA</level>
  <class>com.kms.katalon.core.logging.KeywordLogger</class>
  <method>logMessage</method>
  <thread>1</thread>
  <message>Logging run data &amp;apos;sessionId&amp;apos; with value &amp;apos;aeb2a053453fe07d12c3ecf494125047&amp;apos;</message>
  <nestedLevel>1</nestedLevel>
  <property name="sessionId">aeb2a053453fe07d12c3ecf494125047</property>
</record>
<record>
  <date>2017-09-16T14:30:33</date>
  <millis>1505550633396</millis>
  <sequence>12</sequence>
  <level>RUN_DATA</level>
  <class>com.kms.katalon.core.logging.KeywordLogger</class>
  <method>logMessage</method>
  <thread>1</thread>
  <message>Logging run data &amp;apos;browser&amp;apos; with value &amp;apos;Chrome 60.0.3112.113&amp;apos;</message>
  <nestedLevel>1</nestedLevel>
  <property name="browser">Chrome 60.0.3112.113</property>
</record>
<record>
  <date>2017-09-16T14:30:33</date>
  <millis>1505550633397</millis>
  <sequence>13</sequence>
  <level>RUN_DATA</level>
  <class>com.kms.katalon.core.logging.KeywordLogger</class>
  <method>logMessage</method>
  <thread>1</thread>
  <message>Logging run data &amp;apos;platform&amp;apos; with value &amp;apos;Windows 10&amp;apos;</message>
  <nestedLevel>1</nestedLevel>
  <property name="platform">Windows 10</property>
</record>
<record>
  <date>2017-09-16T14:30:33</date>
  <millis>1505550633401</millis>
  <sequence>14</sequence>
  <level>RUN_DATA</level>
  <class>com.kms.katalon.core.logging.KeywordLogger</class>
  <method>logMessage</method>
  <thread>1</thread>
  <message>Logging run data &amp;apos;seleniumVersion&amp;apos; with value &amp;apos;2.53.0&amp;apos;</message>
  <nestedLevel>1</nestedLevel>
  <property name="seleniumVersion">2.53.0</property>
</record>
<record>
  <date>2017-09-16T14:30:33</date>
  <millis>1505550633404</millis>
  <sequence>15</sequence>
  <level>RUN_DATA</level>
  <class>com.kms.katalon.core.logging.KeywordLogger</class>
  <method>logMessage</method>
  <thread>1</thread>
  <message>Logging run data &amp;apos;proxyInformation&amp;apos; with value &amp;apos;ProxyInformation{proxyOption=NO_PROXY, proxyServerType=HTTP, password=, proxyServerAddress=, proxyServerPort=0}&amp;apos;</message>
  <nestedLevel>1</nestedLevel>
  <property name="proxyInformation">ProxyInformation{proxyOption=NO_PROXY, proxyServerType=HTTP, password=, proxyServerAddress=, proxyServerPort=0}</property>
</record>
<record>
  <date>2017-09-16T14:30:33</date>
  <millis>1505550633406</millis>
  <sequence>16</sequence>
  <level>PASSED</level>
  <class>com.kms.katalon.core.logging.KeywordLogger</class>
  <method>logMessage</method>
  <thread>1</thread>
  <message>Browser is opened with url: &amp;apos;&amp;apos;</message>
  <nestedLevel>1</nestedLevel>
</record>
<record>
  <date>2017-09-16T14:30:33</date>
  <millis>1505550633408</millis>
  <sequence>17</sequence>
  <level>END</level>
  <class>com.kms.katalon.core.logging.KeywordLogger</class>
  <method>endKeyword</method>
  <thread>1</thread>
  <message>End action : openBrowser</message>
  <nestedLevel>1</nestedLevel>
</record>
<record>
  <date>2017-09-16T14:30:33</date>
  <millis>1505550633409</millis>
  <sequence>18</sequence>
  <level>START</level>
  <class>com.kms.katalon.core.logging.KeywordLogger</class>
  <method>startKeyword</method>
  <thread>1</thread>
  <message>Start action : maximizeWindow</message>
  <nestedLevel>1</nestedLevel>
  <property name="startLine">18</property>
  <property name="stepIndex">2</property>
</record>
<record>
  <date>2017-09-16T14:30:33</date>
  <millis>1505550633432</millis>
  <sequence>19</sequence>
  <level>INFO</level>
  <class>com.kms.katalon.core.logging.KeywordLogger</class>
  <method>logMessage</method>
  <thread>1</thread>
  <message>Maximizing current window</message>
  <nestedLevel>1</nestedLevel>
</record>
<record>
  <date>2017-09-16T14:30:34</date>
  <millis>1505550634585</millis>
  <sequence>20</sequence>
  <level>PASSED</level>
  <class>com.kms.katalon.core.logging.KeywordLogger</class>
  <method>logMessage</method>
  <thread>1</thread>
  <message>Current window maximized</message>
  <nestedLevel>1</nestedLevel>
</record>
<record>
  <date>2017-09-16T14:30:34</date>
  <millis>1505550634586</millis>
  <sequence>21</sequence>
  <level>END</level>
  <class>com.kms.katalon.core.logging.KeywordLogger</class>
  <method>endKeyword</method>
  <thread>1</thread>
  <message>End action : maximizeWindow</message>
  <nestedLevel>1</nestedLevel>
</record>
<record>
  <date>2017-09-16T14:30:34</date>
  <millis>1505550634586</millis>
  <sequence>22</sequence>
  <level>START</level>
  <class>com.kms.katalon.core.logging.KeywordLogger</class>
  <method>startKeyword</method>
  <thread>1</thread>
  <message>Start action : navigateToUrl</message>
  <nestedLevel>1</nestedLevel>
  <property name="startLine">20</property>
  <property name="stepIndex">3</property>
</record>
<record>
  <date>2017-09-16T14:30:34</date>
  <millis>1505550634598</millis>
  <sequence>23</sequence>
  <level>INFO</level>
  <class>com.kms.katalon.core.logging.KeywordLogger</class>
  <method>logMessage</method>
  <thread>1</thread>
  <message>Checking url</message>
  <nestedLevel>1</nestedLevel>
</record>
<record>
  <date>2017-09-16T14:30:34</date>
  <millis>1505550634600</millis>
  <sequence>24</sequence>
  <level>INFO</level>
  <class>com.kms.katalon.core.logging.KeywordLogger</class>
  <method>logMessage</method>
  <thread>1</thread>
  <message>Navigating to &amp;apos;http://beta-requisition.maxrailwaytrack.com/&amp;apos;</message>
  <nestedLevel>1</nestedLevel>
</record>
<record>
  <date>2017-09-16T14:30:37</date>
  <millis>1505550637880</millis>
  <sequence>25</sequence>
  <level>PASSED</level>
  <class>com.kms.katalon.core.logging.KeywordLogger</class>
  <method>logMessage</method>
  <thread>1</thread>
  <message>Navigate to &amp;apos;http://beta-requisition.maxrailwaytrack.com/&amp;apos; successfully</message>
  <nestedLevel>1</nestedLevel>
</record>
<record>
  <date>2017-09-16T14:30:37</date>
  <millis>1505550637881</millis>
  <sequence>26</sequence>
  <level>END</level>
  <class>com.kms.katalon.core.logging.KeywordLogger</class>
  <method>endKeyword</method>
  <thread>1</thread>
  <message>End action : navigateToUrl</message>
  <nestedLevel>1</nestedLevel>
</record>
<record>
  <date>2017-09-16T14:30:37</date>
  <millis>1505550637881</millis>
  <sequence>27</sequence>
  <level>START</level>
  <class>com.kms.katalon.core.logging.KeywordLogger</class>
  <method>startKeyword</method>
  <thread>1</thread>
  <message>Start action : setText</message>
  <nestedLevel>1</nestedLevel>
  <property name="startLine">22</property>
  <property name="stepIndex">4</property>
</record>
<record>
  <date>2017-09-16T14:30:37</date>
  <millis>1505550637885</millis>
  <sequence>28</sequence>
  <level>INFO</level>
  <class>com.kms.katalon.core.logging.KeywordLogger</class>
  <method>logMessage</method>
  <thread>1</thread>
  <message>Finding Test Object with id &amp;apos;Object Repository/Page_MaxGroup Login/input_username&amp;apos;</message>
  <nestedLevel>1</nestedLevel>
</record>
<record>
  <date>2017-09-16T14:30:37</date>
  <millis>1505550637899</millis>
  <sequence>29</sequence>
  <level>INFO</level>
  <class>com.kms.katalon.core.logging.KeywordLogger</class>
  <method>logMessage</method>
  <thread>1</thread>
  <message>Checking object</message>
  <nestedLevel>1</nestedLevel>
</record>
<record>
  <date>2017-09-16T14:30:37</date>
  <millis>1505550637901</millis>
  <sequence>30</sequence>
  <level>INFO</level>
  <class>com.kms.katalon.core.logging.KeywordLogger</class>
  <method>logMessage</method>
  <thread>1</thread>
  <message>Checking text</message>
  <nestedLevel>1</nestedLevel>
</record>
<record>
  <date>2017-09-16T14:30:37</date>
  <millis>1505550637902</millis>
  <sequence>31</sequence>
  <level>INFO</level>
  <class>com.kms.katalon.core.logging.KeywordLogger</class>
  <method>logMessage</method>
  <thread>1</thread>
  <message>Checking timeout</message>
  <nestedLevel>1</nestedLevel>
</record>
<record>
  <date>2017-09-16T14:30:37</date>
  <millis>1505550637905</millis>
  <sequence>32</sequence>
  <level>INFO</level>
  <class>com.kms.katalon.core.logging.KeywordLogger</class>
  <method>logMessage</method>
  <thread>1</thread>
  <message>Finding web element with id: &amp;apos;Object Repository/Page_MaxGroup Login/input_username&amp;apos; located by &amp;apos;By.xpath: //input[count(. | //*[@name = &amp;apos;username&amp;apos;]) = count(//*[@name = &amp;apos;username&amp;apos;])][count(. | //*[@id = &amp;apos;Username&amp;apos;]) = count(//*[@id = &amp;apos;Username&amp;apos;])][count(. | //*[@placeholder = &amp;apos;Username&amp;apos;]) = count(//*[@placeholder = &amp;apos;Username&amp;apos;])][count(. | //*[@type = &amp;apos;email&amp;apos;]) = count(//*[@type = &amp;apos;email&amp;apos;])]&amp;apos; in &amp;apos;30&amp;apos; second(s)</message>
  <nestedLevel>1</nestedLevel>
</record>
<record>
  <date>2017-09-16T14:30:37</date>
  <millis>1505550637936</millis>
  <sequence>33</sequence>
  <level>INFO</level>
  <class>com.kms.katalon.core.logging.KeywordLogger</class>
  <method>logMessage</method>
  <thread>1</thread>
  <message>Found 1 web elements with id: &amp;apos;Object Repository/Page_MaxGroup Login/input_username&amp;apos; located by &amp;apos;By.xpath: //input[count(. | //*[@name = &amp;apos;username&amp;apos;]) = count(//*[@name = &amp;apos;username&amp;apos;])][count(. | //*[@id = &amp;apos;Username&amp;apos;]) = count(//*[@id = &amp;apos;Username&amp;apos;])][count(. | //*[@placeholder = &amp;apos;Username&amp;apos;]) = count(//*[@placeholder = &amp;apos;Username&amp;apos;])][count(. | //*[@type = &amp;apos;email&amp;apos;]) = count(//*[@type = &amp;apos;email&amp;apos;])]&amp;apos; in &amp;apos;30&amp;apos; second(s)</message>
  <nestedLevel>1</nestedLevel>
</record>
<record>
  <date>2017-09-16T14:30:37</date>
  <millis>1505550637937</millis>
  <sequence>34</sequence>
  <level>INFO</level>
  <class>com.kms.katalon.core.logging.KeywordLogger</class>
  <method>logMessage</method>
  <thread>1</thread>
  <message>Clearing text of object &amp;apos;Object Repository/Page_MaxGroup Login/input_username&amp;apos;</message>
  <nestedLevel>1</nestedLevel>
</record>
<record>
  <date>2017-09-16T14:30:38</date>
  <millis>1505550638045</millis>
  <sequence>35</sequence>
  <level>INFO</level>
  <class>com.kms.katalon.core.logging.KeywordLogger</class>
  <method>logMessage</method>
  <thread>1</thread>
  <message>Checking timeout</message>
  <nestedLevel>1</nestedLevel>
</record>
<record>
  <date>2017-09-16T14:30:38</date>
  <millis>1505550638046</millis>
  <sequence>36</sequence>
  <level>INFO</level>
  <class>com.kms.katalon.core.logging.KeywordLogger</class>
  <method>logMessage</method>
  <thread>1</thread>
  <message>Finding web element with id: &amp;apos;Object Repository/Page_MaxGroup Login/input_username&amp;apos; located by &amp;apos;By.xpath: //input[count(. | //*[@name = &amp;apos;username&amp;apos;]) = count(//*[@name = &amp;apos;username&amp;apos;])][count(. | //*[@id = &amp;apos;Username&amp;apos;]) = count(//*[@id = &amp;apos;Username&amp;apos;])][count(. | //*[@placeholder = &amp;apos;Username&amp;apos;]) = count(//*[@placeholder = &amp;apos;Username&amp;apos;])][count(. | //*[@type = &amp;apos;email&amp;apos;]) = count(//*[@type = &amp;apos;email&amp;apos;])]&amp;apos; in &amp;apos;30&amp;apos; second(s)</message>
  <nestedLevel>1</nestedLevel>
</record>
<record>
  <date>2017-09-16T14:30:38</date>
  <millis>1505550638124</millis>
  <sequence>37</sequence>
  <level>INFO</level>
  <class>com.kms.katalon.core.logging.KeywordLogger</class>
  <method>logMessage</method>
  <thread>1</thread>
  <message>Found 1 web elements with id: &amp;apos;Object Repository/Page_MaxGroup Login/input_username&amp;apos; located by &amp;apos;By.xpath: //input[count(. | //*[@name = &amp;apos;username&amp;apos;]) = count(//*[@name = &amp;apos;username&amp;apos;])][count(. | //*[@id = &amp;apos;Username&amp;apos;]) = count(//*[@id = &amp;apos;Username&amp;apos;])][count(. | //*[@placeholder = &amp;apos;Username&amp;apos;]) = count(//*[@placeholder = &amp;apos;Username&amp;apos;])][count(. | //*[@type = &amp;apos;email&amp;apos;]) = count(//*[@type = &amp;apos;email&amp;apos;])]&amp;apos; in &amp;apos;30&amp;apos; second(s)</message>
  <nestedLevel>1</nestedLevel>
</record>
<record>
  <date>2017-09-16T14:30:38</date>
  <millis>1505550638125</millis>
  <sequence>38</sequence>
  <level>INFO</level>
  <class>com.kms.katalon.core.logging.KeywordLogger</class>
  <method>logMessage</method>
  <thread>1</thread>
  <message>Setting text of object &amp;apos;Object Repository/Page_MaxGroup Login/input_username&amp;apos; to value &amp;apos;fahadbillah@yahoo.com&amp;apos;</message>
  <nestedLevel>1</nestedLevel>
</record>
<record>
  <date>2017-09-16T14:30:38</date>
  <millis>1505550638284</millis>
  <sequence>39</sequence>
  <level>PASSED</level>
  <class>com.kms.katalon.core.logging.KeywordLogger</class>
  <method>logMessage</method>
  <thread>1</thread>
  <message>Text &amp;apos;fahadbillah@yahoo.com&amp;apos; is set on object &amp;apos;Object Repository/Page_MaxGroup Login/input_username&amp;apos;</message>
  <nestedLevel>1</nestedLevel>
</record>
<record>
  <date>2017-09-16T14:30:38</date>
  <millis>1505550638285</millis>
  <sequence>40</sequence>
  <level>END</level>
  <class>com.kms.katalon.core.logging.KeywordLogger</class>
  <method>endKeyword</method>
  <thread>1</thread>
  <message>End action : setText</message>
  <nestedLevel>1</nestedLevel>
</record>
<record>
  <date>2017-09-16T14:30:38</date>
  <millis>1505550638285</millis>
  <sequence>41</sequence>
  <level>START</level>
  <class>com.kms.katalon.core.logging.KeywordLogger</class>
  <method>startKeyword</method>
  <thread>1</thread>
  <message>Start action : setText</message>
  <nestedLevel>1</nestedLevel>
  <property name="startLine">24</property>
  <property name="stepIndex">5</property>
</record>
<record>
  <date>2017-09-16T14:30:38</date>
  <millis>1505550638285</millis>
  <sequence>42</sequence>
  <level>INFO</level>
  <class>com.kms.katalon.core.logging.KeywordLogger</class>
  <method>logMessage</method>
  <thread>1</thread>
  <message>Finding Test Object with id &amp;apos;Object Repository/Page_MaxGroup Login/input_password&amp;apos;</message>
  <nestedLevel>1</nestedLevel>
</record>
<record>
  <date>2017-09-16T14:30:38</date>
  <millis>1505550638289</millis>
  <sequence>43</sequence>
  <level>INFO</level>
  <class>com.kms.katalon.core.logging.KeywordLogger</class>
  <method>logMessage</method>
  <thread>1</thread>
  <message>Checking object</message>
  <nestedLevel>1</nestedLevel>
</record>
<record>
  <date>2017-09-16T14:30:38</date>
  <millis>1505550638291</millis>
  <sequence>44</sequence>
  <level>INFO</level>
  <class>com.kms.katalon.core.logging.KeywordLogger</class>
  <method>logMessage</method>
  <thread>1</thread>
  <message>Checking text</message>
  <nestedLevel>1</nestedLevel>
</record>
<record>
  <date>2017-09-16T14:30:38</date>
  <millis>1505550638291</millis>
  <sequence>45</sequence>
  <level>INFO</level>
  <class>com.kms.katalon.core.logging.KeywordLogger</class>
  <method>logMessage</method>
  <thread>1</thread>
  <message>Checking timeout</message>
  <nestedLevel>1</nestedLevel>
</record>
<record>
  <date>2017-09-16T14:30:38</date>
  <millis>1505550638293</millis>
  <sequence>46</sequence>
  <level>INFO</level>
  <class>com.kms.katalon.core.logging.KeywordLogger</class>
  <method>logMessage</method>
  <thread>1</thread>
  <message>Finding web element with id: &amp;apos;Object Repository/Page_MaxGroup Login/input_password&amp;apos; located by &amp;apos;By.xpath: //input[count(. | //*[@name = &amp;apos;password&amp;apos;]) = count(//*[@name = &amp;apos;password&amp;apos;])][count(. | //*[@id = &amp;apos;password&amp;apos;]) = count(//*[@id = &amp;apos;password&amp;apos;])][count(. | //*[@placeholder = &amp;apos;Password&amp;apos;]) = count(//*[@placeholder = &amp;apos;Password&amp;apos;])][count(. | //*[@type = &amp;apos;password&amp;apos;]) = count(//*[@type = &amp;apos;password&amp;apos;])]&amp;apos; in &amp;apos;30&amp;apos; second(s)</message>
  <nestedLevel>1</nestedLevel>
</record>
<record>
  <date>2017-09-16T14:30:38</date>
  <millis>1505550638321</millis>
  <sequence>47</sequence>
  <level>INFO</level>
  <class>com.kms.katalon.core.logging.KeywordLogger</class>
  <method>logMessage</method>
  <thread>1</thread>
  <message>Found 1 web elements with id: &amp;apos;Object Repository/Page_MaxGroup Login/input_password&amp;apos; located by &amp;apos;By.xpath: //input[count(. | //*[@name = &amp;apos;password&amp;apos;]) = count(//*[@name = &amp;apos;password&amp;apos;])][count(. | //*[@id = &amp;apos;password&amp;apos;]) = count(//*[@id = &amp;apos;password&amp;apos;])][count(. | //*[@placeholder = &amp;apos;Password&amp;apos;]) = count(//*[@placeholder = &amp;apos;Password&amp;apos;])][count(. | //*[@type = &amp;apos;password&amp;apos;]) = count(//*[@type = &amp;apos;password&amp;apos;])]&amp;apos; in &amp;apos;30&amp;apos; second(s)</message>
  <nestedLevel>1</nestedLevel>
</record>
<record>
  <date>2017-09-16T14:30:38</date>
  <millis>1505550638321</millis>
  <sequence>48</sequence>
  <level>INFO</level>
  <class>com.kms.katalon.core.logging.KeywordLogger</class>
  <method>logMessage</method>
  <thread>1</thread>
  <message>Clearing text of object &amp;apos;Object Repository/Page_MaxGroup Login/input_password&amp;apos;</message>
  <nestedLevel>1</nestedLevel>
</record>
<record>
  <date>2017-09-16T14:30:38</date>
  <millis>1505550638346</millis>
  <sequence>49</sequence>
  <level>INFO</level>
  <class>com.kms.katalon.core.logging.KeywordLogger</class>
  <method>logMessage</method>
  <thread>1</thread>
  <message>Checking timeout</message>
  <nestedLevel>1</nestedLevel>
</record>
<record>
  <date>2017-09-16T14:30:38</date>
  <millis>1505550638347</millis>
  <sequence>50</sequence>
  <level>INFO</level>
  <class>com.kms.katalon.core.logging.KeywordLogger</class>
  <method>logMessage</method>
  <thread>1</thread>
  <message>Finding web element with id: &amp;apos;Object Repository/Page_MaxGroup Login/input_password&amp;apos; located by &amp;apos;By.xpath: //input[count(. | //*[@name = &amp;apos;password&amp;apos;]) = count(//*[@name = &amp;apos;password&amp;apos;])][count(. | //*[@id = &amp;apos;password&amp;apos;]) = count(//*[@id = &amp;apos;password&amp;apos;])][count(. | //*[@placeholder = &amp;apos;Password&amp;apos;]) = count(//*[@placeholder = &amp;apos;Password&amp;apos;])][count(. | //*[@type = &amp;apos;password&amp;apos;]) = count(//*[@type = &amp;apos;password&amp;apos;])]&amp;apos; in &amp;apos;30&amp;apos; second(s)</message>
  <nestedLevel>1</nestedLevel>
</record>
<record>
  <date>2017-09-16T14:30:38</date>
  <millis>1505550638355</millis>
  <sequence>51</sequence>
  <level>INFO</level>
  <class>com.kms.katalon.core.logging.KeywordLogger</class>
  <method>logMessage</method>
  <thread>1</thread>
  <message>Found 1 web elements with id: &amp;apos;Object Repository/Page_MaxGroup Login/input_password&amp;apos; located by &amp;apos;By.xpath: //input[count(. | //*[@name = &amp;apos;password&amp;apos;]) = count(//*[@name = &amp;apos;password&amp;apos;])][count(. | //*[@id = &amp;apos;password&amp;apos;]) = count(//*[@id = &amp;apos;password&amp;apos;])][count(. | //*[@placeholder = &amp;apos;Password&amp;apos;]) = count(//*[@placeholder = &amp;apos;Password&amp;apos;])][count(. | //*[@type = &amp;apos;password&amp;apos;]) = count(//*[@type = &amp;apos;password&amp;apos;])]&amp;apos; in &amp;apos;30&amp;apos; second(s)</message>
  <nestedLevel>1</nestedLevel>
</record>
<record>
  <date>2017-09-16T14:30:38</date>
  <millis>1505550638357</millis>
  <sequence>52</sequence>
  <level>INFO</level>
  <class>com.kms.katalon.core.logging.KeywordLogger</class>
  <method>logMessage</method>
  <thread>1</thread>
  <message>Setting text of object &amp;apos;Object Repository/Page_MaxGroup Login/input_password&amp;apos; to value &amp;apos;123&amp;apos;</message>
  <nestedLevel>1</nestedLevel>
</record>
<record>
  <date>2017-09-16T14:30:38</date>
  <millis>1505550638403</millis>
  <sequence>53</sequence>
  <level>PASSED</level>
  <class>com.kms.katalon.core.logging.KeywordLogger</class>
  <method>logMessage</method>
  <thread>1</thread>
  <message>Text &amp;apos;123&amp;apos; is set on object &amp;apos;Object Repository/Page_MaxGroup Login/input_password&amp;apos;</message>
  <nestedLevel>1</nestedLevel>
</record>
<record>
  <date>2017-09-16T14:30:38</date>
  <millis>1505550638403</millis>
  <sequence>54</sequence>
  <level>END</level>
  <class>com.kms.katalon.core.logging.KeywordLogger</class>
  <method>endKeyword</method>
  <thread>1</thread>
  <message>End action : setText</message>
  <nestedLevel>1</nestedLevel>
</record>
<record>
  <date>2017-09-16T14:30:38</date>
  <millis>1505550638403</millis>
  <sequence>55</sequence>
  <level>START</level>
  <class>com.kms.katalon.core.logging.KeywordLogger</class>
  <method>startKeyword</method>
  <thread>1</thread>
  <message>Start action : click</message>
  <nestedLevel>1</nestedLevel>
  <property name="startLine">26</property>
  <property name="stepIndex">6</property>
</record>
<record>
  <date>2017-09-16T14:30:38</date>
  <millis>1505550638404</millis>
  <sequence>56</sequence>
  <level>INFO</level>
  <class>com.kms.katalon.core.logging.KeywordLogger</class>
  <method>logMessage</method>
  <thread>1</thread>
  <message>Finding Test Object with id &amp;apos;Object Repository/Page_MaxGroup Login/button_Login&amp;apos;</message>
  <nestedLevel>1</nestedLevel>
</record>
<record>
  <date>2017-09-16T14:30:38</date>
  <millis>1505550638420</millis>
  <sequence>57</sequence>
  <level>INFO</level>
  <class>com.kms.katalon.core.logging.KeywordLogger</class>
  <method>logMessage</method>
  <thread>1</thread>
  <message>Checking object</message>
  <nestedLevel>1</nestedLevel>
</record>
<record>
  <date>2017-09-16T14:30:38</date>
  <millis>1505550638421</millis>
  <sequence>58</sequence>
  <level>INFO</level>
  <class>com.kms.katalon.core.logging.KeywordLogger</class>
  <method>logMessage</method>
  <thread>1</thread>
  <message>Checking timeout</message>
  <nestedLevel>1</nestedLevel>
</record>
<record>
  <date>2017-09-16T14:30:38</date>
  <millis>1505550638422</millis>
  <sequence>59</sequence>
  <level>INFO</level>
  <class>com.kms.katalon.core.logging.KeywordLogger</class>
  <method>logMessage</method>
  <thread>1</thread>
  <message>Finding web element with id: &amp;apos;Object Repository/Page_MaxGroup Login/button_Login&amp;apos; located by &amp;apos;By.xpath: //button[count(. | //*[contains(.,&amp;apos;Login&amp;apos;)]) = count(//*[contains(.,&amp;apos;Login&amp;apos;)])][count(. | //*[@type = &amp;apos;submit&amp;apos;]) = count(//*[@type = &amp;apos;submit&amp;apos;])]&amp;apos; in &amp;apos;30&amp;apos; second(s)</message>
  <nestedLevel>1</nestedLevel>
</record>
<record>
  <date>2017-09-16T14:30:38</date>
  <millis>1505550638470</millis>
  <sequence>60</sequence>
  <level>INFO</level>
  <class>com.kms.katalon.core.logging.KeywordLogger</class>
  <method>logMessage</method>
  <thread>1</thread>
  <message>Found 1 web elements with id: &amp;apos;Object Repository/Page_MaxGroup Login/button_Login&amp;apos; located by &amp;apos;By.xpath: //button[count(. | //*[contains(.,&amp;apos;Login&amp;apos;)]) = count(//*[contains(.,&amp;apos;Login&amp;apos;)])][count(. | //*[@type = &amp;apos;submit&amp;apos;]) = count(//*[@type = &amp;apos;submit&amp;apos;])]&amp;apos; in &amp;apos;30&amp;apos; second(s)</message>
  <nestedLevel>1</nestedLevel>
</record>
<record>
  <date>2017-09-16T14:30:38</date>
  <millis>1505550638470</millis>
  <sequence>61</sequence>
  <level>INFO</level>
  <class>com.kms.katalon.core.logging.KeywordLogger</class>
  <method>logMessage</method>
  <thread>1</thread>
  <message>Clicking on object: &amp;apos;Object Repository/Page_MaxGroup Login/button_Login&amp;apos;</message>
  <nestedLevel>1</nestedLevel>
</record>
<record>
  <date>2017-09-16T14:30:38</date>
  <millis>1505550638555</millis>
  <sequence>62</sequence>
  <level>PASSED</level>
  <class>com.kms.katalon.core.logging.KeywordLogger</class>
  <method>logMessage</method>
  <thread>1</thread>
  <message>Object: &amp;apos;Object Repository/Page_MaxGroup Login/button_Login&amp;apos; is clicked on</message>
  <nestedLevel>1</nestedLevel>
</record>
<record>
  <date>2017-09-16T14:30:38</date>
  <millis>1505550638555</millis>
  <sequence>63</sequence>
  <level>END</level>
  <class>com.kms.katalon.core.logging.KeywordLogger</class>
  <method>endKeyword</method>
  <thread>1</thread>
  <message>End action : click</message>
  <nestedLevel>1</nestedLevel>
</record>
<record>
  <date>2017-09-16T14:30:38</date>
  <millis>1505550638556</millis>
  <sequence>64</sequence>
  <level>PASSED</level>
  <class>com.kms.katalon.core.logging.KeywordLogger</class>
  <method>logMessage</method>
  <thread>1</thread>
  <message>Test Cases/Login</message>
  <nestedLevel>1</nestedLevel>
</record>
<record>
  <date>2017-09-16T14:30:38</date>
  <millis>1505550638556</millis>
  <sequence>65</sequence>
  <level>END</level>
  <class>com.kms.katalon.core.logging.KeywordLogger</class>
  <method>endTest</method>
  <thread>1</thread>
  <message>End Test Case : Test Cases/Login</message>
  <nestedLevel>0</nestedLevel>
</record>
<record>
  <date>2017-09-16T14:30:38</date>
  <millis>1505550638610</millis>
  <sequence>66</sequence>
  <level>START</level>
  <class>com.kms.katalon.core.logging.KeywordLogger</class>
  <method>startTest</method>
  <thread>1</thread>
  <message>Start Test Case : Test Cases/SelectRole</message>
  <nestedLevel>1</nestedLevel>
  <property name="name">Test Cases/SelectRole</property>
  <property name="description"></property>
  <property name="id">Test Cases/SelectRole</property>
  <property name="source">F:\\Katalon_project\\MaxReqManTest Cases\\SelectRole.tc</property>
  <property name="isOptional">false</property>
</record>
<record>
  <date>2017-09-16T14:30:38</date>
  <millis>1505550638630</millis>
  <sequence>67</sequence>
  <level>INFO</level>
  <class>com.kms.katalon.core.logging.KeywordLogger</class>
  <method>logMessage</method>
  <thread>1</thread>
  <message>Evaluating variables for test case</message>
  <nestedLevel>1</nestedLevel>
</record>
<record>
  <date>2017-09-16T14:30:39</date>
  <millis>1505550639068</millis>
  <sequence>68</sequence>
  <level>START</level>
  <class>com.kms.katalon.core.logging.KeywordLogger</class>
  <method>startKeyword</method>
  <thread>1</thread>
  <message>Start action : delay</message>
  <nestedLevel>1</nestedLevel>
  <property name="startLine">22</property>
  <property name="stepIndex">1</property>
</record>
<record>
  <date>2017-09-16T14:30:39</date>
  <millis>1505550639091</millis>
  <sequence>69</sequence>
  <level>INFO</level>
  <class>com.kms.katalon.core.logging.KeywordLogger</class>
  <method>logMessage</method>
  <thread>1</thread>
  <message>Delaying browser in 5 second(s)</message>
  <nestedLevel>1</nestedLevel>
</record>
<record>
  <date>2017-09-16T14:30:44</date>
  <millis>1505550644093</millis>
  <sequence>70</sequence>
  <level>PASSED</level>
  <class>com.kms.katalon.core.logging.KeywordLogger</class>
  <method>logMessage</method>
  <thread>1</thread>
  <message>Delayed 5 second(s)</message>
  <nestedLevel>1</nestedLevel>
</record>
<record>
  <date>2017-09-16T14:30:44</date>
  <millis>1505550644094</millis>
  <sequence>71</sequence>
  <level>END</level>
  <class>com.kms.katalon.core.logging.KeywordLogger</class>
  <method>endKeyword</method>
  <thread>1</thread>
  <message>End action : delay</message>
  <nestedLevel>1</nestedLevel>
</record>
<record>
  <date>2017-09-16T14:30:44</date>
  <millis>1505550644095</millis>
  <sequence>72</sequence>
  <level>START</level>
  <class>com.kms.katalon.core.logging.KeywordLogger</class>
  <method>startKeyword</method>
  <thread>1</thread>
  <message>Start action : selectOptionByValue</message>
  <nestedLevel>1</nestedLevel>
  <property name="startLine">24</property>
  <property name="stepIndex">2</property>
</record>
<record>
  <date>2017-09-16T14:30:44</date>
  <millis>1505550644097</millis>
  <sequence>73</sequence>
  <level>INFO</level>
  <class>com.kms.katalon.core.logging.KeywordLogger</class>
  <method>logMessage</method>
  <thread>1</thread>
  <message>Finding Test Object with id &amp;apos;Object Repository/Page_Procurement Management  Role S/select_input&amp;apos;</message>
  <nestedLevel>1</nestedLevel>
</record>
<record>
  <date>2017-09-16T14:30:44</date>
  <millis>1505550644124</millis>
  <sequence>74</sequence>
  <level>INFO</level>
  <class>com.kms.katalon.core.logging.KeywordLogger</class>
  <method>logMessage</method>
  <thread>1</thread>
  <message>Checking object</message>
  <nestedLevel>1</nestedLevel>
</record>
<record>
  <date>2017-09-16T14:30:44</date>
  <millis>1505550644125</millis>
  <sequence>75</sequence>
  <level>INFO</level>
  <class>com.kms.katalon.core.logging.KeywordLogger</class>
  <method>logMessage</method>
  <thread>1</thread>
  <message>Checking value parameter</message>
  <nestedLevel>1</nestedLevel>
</record>
<record>
  <date>2017-09-16T14:30:44</date>
  <millis>1505550644125</millis>
  <sequence>76</sequence>
  <level>INFO</level>
  <class>com.kms.katalon.core.logging.KeywordLogger</class>
  <method>logMessage</method>
  <thread>1</thread>
  <message>Checking timeout</message>
  <nestedLevel>1</nestedLevel>
</record>
<record>
  <date>2017-09-16T14:30:44</date>
  <millis>1505550644126</millis>
  <sequence>77</sequence>
  <level>INFO</level>
  <class>com.kms.katalon.core.logging.KeywordLogger</class>
  <method>logMessage</method>
  <thread>1</thread>
  <message>Finding web element with id: &amp;apos;Object Repository/Page_Procurement Management  Role S/select_input&amp;apos; located by &amp;apos;By.xpath: //select[count(. | //*[@id = &amp;apos;input&amp;apos;]) = count(//*[@id = &amp;apos;input&amp;apos;])]&amp;apos; in &amp;apos;30&amp;apos; second(s)</message>
  <nestedLevel>1</nestedLevel>
</record>
<record>
  <date>2017-09-16T14:30:44</date>
  <millis>1505550644159</millis>
  <sequence>78</sequence>
  <level>INFO</level>
  <class>com.kms.katalon.core.logging.KeywordLogger</class>
  <method>logMessage</method>
  <thread>1</thread>
  <message>Found 1 web elements with id: &amp;apos;Object Repository/Page_Procurement Management  Role S/select_input&amp;apos; located by &amp;apos;By.xpath: //select[count(. | //*[@id = &amp;apos;input&amp;apos;]) = count(//*[@id = &amp;apos;input&amp;apos;])]&amp;apos; in &amp;apos;30&amp;apos; second(s)</message>
  <nestedLevel>1</nestedLevel>
</record>
<record>
  <date>2017-09-16T14:30:44</date>
  <millis>1505550644189</millis>
  <sequence>79</sequence>
  <level>INFO</level>
  <class>com.kms.katalon.core.logging.KeywordLogger</class>
  <method>logMessage</method>
  <thread>1</thread>
  <message>Selecting options on object &amp;apos;Object Repository/Page_Procurement Management  Role S/select_input&amp;apos; with value &amp;apos;2_60_4&amp;apos; using regular expression</message>
  <nestedLevel>1</nestedLevel>
</record>
<record>
  <date>2017-09-16T14:30:44</date>
  <millis>1505550644399</millis>
  <sequence>80</sequence>
  <level>INFO</level>
  <class>com.kms.katalon.core.logging.KeywordLogger</class>
  <method>logMessage</method>
  <thread>1</thread>
  <message>Option at index &amp;apos;7&amp;apos; with value &amp;apos;2_60_4&amp;apos; is selected  using regular expression</message>
  <nestedLevel>1</nestedLevel>
</record>
<record>
  <date>2017-09-16T14:30:44</date>
  <millis>1505550644549</millis>
  <sequence>81</sequence>
  <level>PASSED</level>
  <class>com.kms.katalon.core.logging.KeywordLogger</class>
  <method>logMessage</method>
  <thread>1</thread>
  <message>All options with value &amp;apos;2_60_4&amp;apos; are selected in object &amp;apos;Object Repository/Page_Procurement Management  Role S/select_input&amp;apos;  using regular expression</message>
  <nestedLevel>1</nestedLevel>
</record>
<record>
  <date>2017-09-16T14:30:44</date>
  <millis>1505550644550</millis>
  <sequence>82</sequence>
  <level>END</level>
  <class>com.kms.katalon.core.logging.KeywordLogger</class>
  <method>endKeyword</method>
  <thread>1</thread>
  <message>End action : selectOptionByValue</message>
  <nestedLevel>1</nestedLevel>
</record>
<record>
  <date>2017-09-16T14:30:44</date>
  <millis>1505550644550</millis>
  <sequence>83</sequence>
  <level>START</level>
  <class>com.kms.katalon.core.logging.KeywordLogger</class>
  <method>startKeyword</method>
  <thread>1</thread>
  <message>Start action : click</message>
  <nestedLevel>1</nestedLevel>
  <property name="startLine">26</property>
  <property name="stepIndex">3</property>
</record>
<record>
  <date>2017-09-16T14:30:44</date>
  <millis>1505550644551</millis>
  <sequence>84</sequence>
  <level>INFO</level>
  <class>com.kms.katalon.core.logging.KeywordLogger</class>
  <method>logMessage</method>
  <thread>1</thread>
  <message>Finding Test Object with id &amp;apos;Object Repository/Page_Procurement Management  Role S/button_Enter&amp;apos;</message>
  <nestedLevel>1</nestedLevel>
</record>
<record>
  <date>2017-09-16T14:30:44</date>
  <millis>1505550644554</millis>
  <sequence>85</sequence>
  <level>INFO</level>
  <class>com.kms.katalon.core.logging.KeywordLogger</class>
  <method>logMessage</method>
  <thread>1</thread>
  <message>Checking object</message>
  <nestedLevel>1</nestedLevel>
</record>
<record>
  <date>2017-09-16T14:30:44</date>
  <millis>1505550644554</millis>
  <sequence>86</sequence>
  <level>INFO</level>
  <class>com.kms.katalon.core.logging.KeywordLogger</class>
  <method>logMessage</method>
  <thread>1</thread>
  <message>Checking timeout</message>
  <nestedLevel>1</nestedLevel>
</record>
<record>
  <date>2017-09-16T14:30:44</date>
  <millis>1505550644555</millis>
  <sequence>87</sequence>
  <level>INFO</level>
  <class>com.kms.katalon.core.logging.KeywordLogger</class>
  <method>logMessage</method>
  <thread>1</thread>
  <message>Finding web element with id: &amp;apos;Object Repository/Page_Procurement Management  Role S/button_Enter&amp;apos; located by &amp;apos;By.xpath: //button[count(. | //*[contains(.,&amp;apos;Enter&amp;apos;)]) = count(//*[contains(.,&amp;apos;Enter&amp;apos;)])][count(. | //*[@type = &amp;apos;button&amp;apos;]) = count(//*[@type = &amp;apos;button&amp;apos;])]&amp;apos; in &amp;apos;30&amp;apos; second(s)</message>
  <nestedLevel>1</nestedLevel>
</record>
<record>
  <date>2017-09-16T14:30:44</date>
  <millis>1505550644579</millis>
  <sequence>88</sequence>
  <level>INFO</level>
  <class>com.kms.katalon.core.logging.KeywordLogger</class>
  <method>logMessage</method>
  <thread>1</thread>
  <message>Found 1 web elements with id: &amp;apos;Object Repository/Page_Procurement Management  Role S/button_Enter&amp;apos; located by &amp;apos;By.xpath: //button[count(. | //*[contains(.,&amp;apos;Enter&amp;apos;)]) = count(//*[contains(.,&amp;apos;Enter&amp;apos;)])][count(. | //*[@type = &amp;apos;button&amp;apos;]) = count(//*[@type = &amp;apos;button&amp;apos;])]&amp;apos; in &amp;apos;30&amp;apos; second(s)</message>
  <nestedLevel>1</nestedLevel>
</record>
<record>
  <date>2017-09-16T14:30:44</date>
  <millis>1505550644579</millis>
  <sequence>89</sequence>
  <level>INFO</level>
  <class>com.kms.katalon.core.logging.KeywordLogger</class>
  <method>logMessage</method>
  <thread>1</thread>
  <message>Clicking on object: &amp;apos;Object Repository/Page_Procurement Management  Role S/button_Enter&amp;apos;</message>
  <nestedLevel>1</nestedLevel>
</record>
<record>
  <date>2017-09-16T14:30:44</date>
  <millis>1505550644638</millis>
  <sequence>90</sequence>
  <level>PASSED</level>
  <class>com.kms.katalon.core.logging.KeywordLogger</class>
  <method>logMessage</method>
  <thread>1</thread>
  <message>Object: &amp;apos;Object Repository/Page_Procurement Management  Role S/button_Enter&amp;apos; is clicked on</message>
  <nestedLevel>1</nestedLevel>
</record>
<record>
  <date>2017-09-16T14:30:44</date>
  <millis>1505550644639</millis>
  <sequence>91</sequence>
  <level>END</level>
  <class>com.kms.katalon.core.logging.KeywordLogger</class>
  <method>endKeyword</method>
  <thread>1</thread>
  <message>End action : click</message>
  <nestedLevel>1</nestedLevel>
</record>
<record>
  <date>2017-09-16T14:30:44</date>
  <millis>1505550644639</millis>
  <sequence>92</sequence>
  <level>PASSED</level>
  <class>com.kms.katalon.core.logging.KeywordLogger</class>
  <method>logMessage</method>
  <thread>1</thread>
  <message>Test Cases/SelectRole</message>
  <nestedLevel>1</nestedLevel>
</record>
<record>
  <date>2017-09-16T14:30:44</date>
  <millis>1505550644639</millis>
  <sequence>93</sequence>
  <level>END</level>
  <class>com.kms.katalon.core.logging.KeywordLogger</class>
  <method>endTest</method>
  <thread>1</thread>
  <message>End Test Case : Test Cases/SelectRole</message>
  <nestedLevel>0</nestedLevel>
</record>
<record>
  <date>2017-09-16T14:30:45</date>
  <millis>1505550645989</millis>
  <sequence>94</sequence>
  <level>END</level>
  <class>com.kms.katalon.core.logging.KeywordLogger</class>
  <method>endSuite</method>
  <thread>1</thread>
  <message>End Test Suite : SelectRole</message>
  <nestedLevel>0</nestedLevel>
</record>
</log>
